  main.cpp
c:\users\jdand\documents\github\cs2250-cpp\jdandrea - hw5 - dynamictrophycase\jdandrea - hw 5 - dynamictrophycase\trophy.h(32): error C2143: syntax error: missing ';' before '&'
c:\users\jdand\documents\github\cs2250-cpp\jdandrea - hw5 - dynamictrophycase\jdandrea - hw 5 - dynamictrophycase\trophy.h(32): error C2433: 'ostream': 'friend' not permitted on data declarations
c:\users\jdand\documents\github\cs2250-cpp\jdandrea - hw5 - dynamictrophycase\jdandrea - hw 5 - dynamictrophycase\trophy.h(32): error C4430: missing type specifier - int assumed. Note: C++ does not support default-int
c:\users\jdand\documents\github\cs2250-cpp\jdandrea - hw5 - dynamictrophycase\jdandrea - hw 5 - dynamictrophycase\trophy.h(32): error C2238: unexpected token(s) preceding ';'
c:\users\jdand\documents\github\cs2250-cpp\jdandrea - hw5 - dynamictrophycase\jdandrea - hw 5 - dynamictrophycase\trophycase.h(17): error C2872: 'ostream': ambiguous symbol
  c:\users\jdand\documents\github\cs2250-cpp\jdandrea - hw5 - dynamictrophycase\jdandrea - hw 5 - dynamictrophycase\trophy.h(32): note: could be 'int ostream'
  c:\program files (x86)\microsoft visual studio\2017\community\vc\tools\msvc\14.16.27023\include\iosfwd(618): note: or       'std::ostream'
c:\users\jdand\documents\github\cs2250-cpp\jdandrea - hw5 - dynamictrophycase\jdandrea - hw 5 - dynamictrophycase\trophycase.h(17): error C2143: syntax error: missing ';' before '&'
c:\users\jdand\documents\github\cs2250-cpp\jdandrea - hw5 - dynamictrophycase\jdandrea - hw 5 - dynamictrophycase\trophycase.h(17): error C2433: 'ostream': 'friend' not permitted on data declarations
c:\users\jdand\documents\github\cs2250-cpp\jdandrea - hw5 - dynamictrophycase\jdandrea - hw 5 - dynamictrophycase\trophycase.h(17): error C4430: missing type specifier - int assumed. Note: C++ does not support default-int
c:\users\jdand\documents\github\cs2250-cpp\jdandrea - hw5 - dynamictrophycase\jdandrea - hw 5 - dynamictrophycase\trophycase.h(17): error C2238: unexpected token(s) preceding ';'
c:\users\jdand\documents\github\cs2250-cpp\jdandrea - hw5 - dynamictrophycase\jdandrea - hw 5 - dynamictrophycase\main.cpp(334): error C2679: binary '<<': no operator found which takes a right-hand operand of type '_Ty' (or there is no acceptable conversion)
          with
          [
              _Ty=TrophyCase
          ]
  c:\program files (x86)\microsoft visual studio\2017\community\vc\tools\msvc\14.16.27023\include\ostream(508): note: could be 'std::basic_ostream<char,std::char_traits<char>> &std::basic_ostream<char,std::char_traits<char>>::operator <<(std::basic_streambuf<char,std::char_traits<char>> *)'
  c:\program files (x86)\microsoft visual studio\2017\community\vc\tools\msvc\14.16.27023\include\ostream(480): note: or       'std::basic_ostream<char,std::char_traits<char>> &std::basic_ostream<char,std::char_traits<char>>::operator <<(const void *)'
  c:\program files (x86)\microsoft visual studio\2017\community\vc\tools\msvc\14.16.27023\include\ostream(460): note: or       'std::basic_ostream<char,std::char_traits<char>> &std::basic_ostream<char,std::char_traits<char>>::operator <<(long double)'
  c:\program files (x86)\microsoft visual studio\2017\community\vc\tools\msvc\14.16.27023\include\ostream(440): note: or       'std::basic_ostream<char,std::char_traits<char>> &std::basic_ostream<char,std::char_traits<char>>::operator <<(double)'
  c:\program files (x86)\microsoft visual studio\2017\community\vc\tools\msvc\14.16.27023\include\ostream(420): note: or       'std::basic_ostream<char,std::char_traits<char>> &std::basic_ostream<char,std::char_traits<char>>::operator <<(float)'
  c:\program files (x86)\microsoft visual studio\2017\community\vc\tools\msvc\14.16.27023\include\ostream(400): note: or       'std::basic_ostream<char,std::char_traits<char>> &std::basic_ostream<char,std::char_traits<char>>::operator <<(unsigned __int64)'
  c:\program files (x86)\microsoft visual studio\2017\community\vc\tools\msvc\14.16.27023\include\ostream(380): note: or       'std::basic_ostream<char,std::char_traits<char>> &std::basic_ostream<char,std::char_traits<char>>::operator <<(__int64)'
  c:\program files (x86)\microsoft visual studio\2017\community\vc\tools\msvc\14.16.27023\include\ostream(360): note: or       'std::basic_ostream<char,std::char_traits<char>> &std::basic_ostream<char,std::char_traits<char>>::operator <<(unsigned long)'
  c:\program files (x86)\microsoft visual studio\2017\community\vc\tools\msvc\14.16.27023\include\ostream(340): note: or       'std::basic_ostream<char,std::char_traits<char>> &std::basic_ostream<char,std::char_traits<char>>::operator <<(long)'
  c:\program files (x86)\microsoft visual studio\2017\community\vc\tools\msvc\14.16.27023\include\ostream(320): note: or       'std::basic_ostream<char,std::char_traits<char>> &std::basic_ostream<char,std::char_traits<char>>::operator <<(unsigned int)'
  c:\program files (x86)\microsoft visual studio\2017\community\vc\tools\msvc\14.16.27023\include\ostream(295): note: or       'std::basic_ostream<char,std::char_traits<char>> &std::basic_ostream<char,std::char_traits<char>>::operator <<(int)'
  c:\program files (x86)\microsoft visual studio\2017\community\vc\tools\msvc\14.16.27023\include\ostream(275): note: or       'std::basic_ostream<char,std::char_traits<char>> &std::basic_ostream<char,std::char_traits<char>>::operator <<(unsigned short)'
  c:\program files (x86)\microsoft visual studio\2017\community\vc\tools\msvc\14.16.27023\include\ostream(241): note: or       'std::basic_ostream<char,std::char_traits<char>> &std::basic_ostream<char,std::char_traits<char>>::operator <<(short)'
  c:\program files (x86)\microsoft visual studio\2017\community\vc\tools\msvc\14.16.27023\include\ostream(221): note: or       'std::basic_ostream<char,std::char_traits<char>> &std::basic_ostream<char,std::char_traits<char>>::operator <<(bool)'
  c:\program files (x86)\microsoft visual studio\2017\community\vc\tools\msvc\14.16.27023\include\ostream(215): note: or       'std::basic_ostream<char,std::char_traits<char>> &std::basic_ostream<char,std::char_traits<char>>::operator <<(std::ios_base &(__cdecl *)(std::ios_base &))'
  c:\program files (x86)\microsoft visual studio\2017\community\vc\tools\msvc\14.16.27023\include\ostream(209): note: or       'std::basic_ostream<char,std::char_traits<char>> &std::basic_ostream<char,std::char_traits<char>>::operator <<(std::basic_ios<char,std::char_traits<char>> &(__cdecl *)(std::basic_ios<char,std::char_traits<char>> &))'
  c:\program files (x86)\microsoft visual studio\2017\community\vc\tools\msvc\14.16.27023\include\ostream(204): note: or       'std::basic_ostream<char,std::char_traits<char>> &std::basic_ostream<char,std::char_traits<char>>::operator <<(std::basic_ostream<char,std::char_traits<char>> &(__cdecl *)(std::basic_ostream<char,std::char_traits<char>> &))'
  c:\program files (x86)\microsoft visual studio\2017\community\vc\tools\msvc\14.16.27023\include\ostream(1047): note: or       'std::basic_ostream<char,std::char_traits<char>> &std::operator <<<char,std::char_traits<char>>(std::basic_ostream<char,std::char_traits<char>> &,const std::error_code &)'
  c:\program files (x86)\microsoft visual studio\2017\community\vc\tools\msvc\14.16.27023\include\ostream(981): note: or       'std::basic_ostream<char,std::char_traits<char>> &std::operator <<<std::char_traits<char>>(std::basic_ostream<char,std::char_traits<char>> &,unsigned char)'
  c:\program files (x86)\microsoft visual studio\2017\community\vc\tools\msvc\14.16.27023\include\ostream(974): note: or       'std::basic_ostream<char,std::char_traits<char>> &std::operator <<<std::char_traits<char>>(std::basic_ostream<char,std::char_traits<char>> &,const unsigned char *)'
  c:\program files (x86)\microsoft visual studio\2017\community\vc\tools\msvc\14.16.27023\include\ostream(967): note: or       'std::basic_ostream<char,std::char_traits<char>> &std::operator <<<std::char_traits<char>>(std::basic_ostream<char,std::char_traits<char>> &,signed char)'
  c:\program files (x86)\microsoft visual studio\2017\community\vc\tools\msvc\14.16.27023\include\ostream(960): note: or       'std::basic_ostream<char,std::char_traits<char>> &std::operator <<<std::char_traits<char>>(std::basic_ostream<char,std::char_traits<char>> &,const signed char *)'
  c:\program files (x86)\microsoft visual studio\2017\community\vc\tools\msvc\14.16.27023\include\ostream(834): note: or       'std::basic_ostream<char,std::char_traits<char>> &std::operator <<<std::char_traits<char>>(std::basic_ostream<char,std::char_traits<char>> &,char)'
  c:\program files (x86)\microsoft visual studio\2017\community\vc\tools\msvc\14.16.27023\include\ostream(787): note: or       'std::basic_ostream<char,std::char_traits<char>> &std::operator <<<std::char_traits<char>>(std::basic_ostream<char,std::char_traits<char>> &,const char *)'
  c:\program files (x86)\microsoft visual studio\2017\community\vc\tools\msvc\14.16.27023\include\ostream(749): note: or       'std::basic_ostream<char,std::char_traits<char>> &std::operator <<<char,std::char_traits<char>>(std::basic_ostream<char,std::char_traits<char>> &,char)'
  c:\program files (x86)\microsoft visual studio\2017\community\vc\tools\msvc\14.16.27023\include\ostream(702): note: or       'std::basic_ostream<char,std::char_traits<char>> &std::operator <<<char,std::char_traits<char>>(std::basic_ostream<char,std::char_traits<char>> &,const char *)'
  c:\users\jdand\documents\github\cs2250-cpp\jdandrea - hw5 - dynamictrophycase\jdandrea - hw 5 - dynamictrophycase\main.cpp(334): note: while trying to match the argument list '(std::ostream, _Ty)'
          with
          [
              _Ty=TrophyCase
          ]
  Trophy.cpp
c:\users\jdand\documents\github\cs2250-cpp\jdandrea - hw5 - dynamictrophycase\jdandrea - hw 5 - dynamictrophycase\trophy.h(32): error C2143: syntax error: missing ';' before '&'
c:\users\jdand\documents\github\cs2250-cpp\jdandrea - hw5 - dynamictrophycase\jdandrea - hw 5 - dynamictrophycase\trophy.h(32): error C2433: 'ostream': 'friend' not permitted on data declarations
c:\users\jdand\documents\github\cs2250-cpp\jdandrea - hw5 - dynamictrophycase\jdandrea - hw 5 - dynamictrophycase\trophy.h(32): error C4430: missing type specifier - int assumed. Note: C++ does not support default-int
c:\users\jdand\documents\github\cs2250-cpp\jdandrea - hw5 - dynamictrophycase\jdandrea - hw 5 - dynamictrophycase\trophy.h(32): error C2238: unexpected token(s) preceding ';'
c:\users\jdand\documents\github\cs2250-cpp\jdandrea - hw5 - dynamictrophycase\jdandrea - hw 5 - dynamictrophycase\trophy.cpp(137): error C2872: 'ostream': ambiguous symbol
  c:\users\jdand\documents\github\cs2250-cpp\jdandrea - hw5 - dynamictrophycase\jdandrea - hw 5 - dynamictrophycase\trophy.h(32): note: could be 'int ostream'
  c:\program files (x86)\microsoft visual studio\2017\community\vc\tools\msvc\14.16.27023\include\iosfwd(618): note: or       'std::ostream'
c:\users\jdand\documents\github\cs2250-cpp\jdandrea - hw5 - dynamictrophycase\jdandrea - hw 5 - dynamictrophycase\trophy.cpp(137): error C2143: syntax error: missing ';' before '&'
c:\users\jdand\documents\github\cs2250-cpp\jdandrea - hw5 - dynamictrophycase\jdandrea - hw 5 - dynamictrophycase\trophy.cpp(137): error C4430: missing type specifier - int assumed. Note: C++ does not support default-int
c:\users\jdand\documents\github\cs2250-cpp\jdandrea - hw5 - dynamictrophycase\jdandrea - hw 5 - dynamictrophycase\trophy.cpp(137): error C2086: 'int ostream': redefinition
  c:\users\jdand\documents\github\cs2250-cpp\jdandrea - hw5 - dynamictrophycase\jdandrea - hw 5 - dynamictrophycase\trophy.h(32): note: see declaration of 'ostream'
c:\users\jdand\documents\github\cs2250-cpp\jdandrea - hw5 - dynamictrophycase\jdandrea - hw 5 - dynamictrophycase\trophy.cpp(137): error C2065: 'sout': undeclared identifier
c:\users\jdand\documents\github\cs2250-cpp\jdandrea - hw5 - dynamictrophycase\jdandrea - hw 5 - dynamictrophycase\trophy.cpp(137): error C2059: syntax error: 'const'
c:\users\jdand\documents\github\cs2250-cpp\jdandrea - hw5 - dynamictrophycase\jdandrea - hw 5 - dynamictrophycase\trophy.cpp(138): error C2143: syntax error: missing ';' before '{'
c:\users\jdand\documents\github\cs2250-cpp\jdandrea - hw5 - dynamictrophycase\jdandrea - hw 5 - dynamictrophycase\trophy.cpp(138): error C2447: '{': missing function header (old-style formal list?)
  TrophyCase.cpp
c:\users\jdand\documents\github\cs2250-cpp\jdandrea - hw5 - dynamictrophycase\jdandrea - hw 5 - dynamictrophycase\trophy.h(32): error C2143: syntax error: missing ';' before '&'
c:\users\jdand\documents\github\cs2250-cpp\jdandrea - hw5 - dynamictrophycase\jdandrea - hw 5 - dynamictrophycase\trophy.h(32): error C2433: 'ostream': 'friend' not permitted on data declarations
c:\users\jdand\documents\github\cs2250-cpp\jdandrea - hw5 - dynamictrophycase\jdandrea - hw 5 - dynamictrophycase\trophy.h(32): error C4430: missing type specifier - int assumed. Note: C++ does not support default-int
c:\users\jdand\documents\github\cs2250-cpp\jdandrea - hw5 - dynamictrophycase\jdandrea - hw 5 - dynamictrophycase\trophy.h(32): error C2238: unexpected token(s) preceding ';'
c:\users\jdand\documents\github\cs2250-cpp\jdandrea - hw5 - dynamictrophycase\jdandrea - hw 5 - dynamictrophycase\trophycase.h(17): error C2872: 'ostream': ambiguous symbol
  c:\users\jdand\documents\github\cs2250-cpp\jdandrea - hw5 - dynamictrophycase\jdandrea - hw 5 - dynamictrophycase\trophy.h(32): note: could be 'int ostream'
  c:\program files (x86)\microsoft visual studio\2017\community\vc\tools\msvc\14.16.27023\include\iosfwd(618): note: or       'std::ostream'
c:\users\jdand\documents\github\cs2250-cpp\jdandrea - hw5 - dynamictrophycase\jdandrea - hw 5 - dynamictrophycase\trophycase.h(17): error C2143: syntax error: missing ';' before '&'
c:\users\jdand\documents\github\cs2250-cpp\jdandrea - hw5 - dynamictrophycase\jdandrea - hw 5 - dynamictrophycase\trophycase.h(17): error C2433: 'ostream': 'friend' not permitted on data declarations
c:\users\jdand\documents\github\cs2250-cpp\jdandrea - hw5 - dynamictrophycase\jdandrea - hw 5 - dynamictrophycase\trophycase.h(17): error C4430: missing type specifier - int assumed. Note: C++ does not support default-int
c:\users\jdand\documents\github\cs2250-cpp\jdandrea - hw5 - dynamictrophycase\jdandrea - hw 5 - dynamictrophycase\trophycase.h(17): error C2238: unexpected token(s) preceding ';'
c:\users\jdand\documents\github\cs2250-cpp\jdandrea - hw5 - dynamictrophycase\jdandrea - hw 5 - dynamictrophycase\trophycase.cpp(133): error C2248: 'TrophyCase::m_trophyCase': cannot access private member declared in class 'TrophyCase'
  c:\users\jdand\documents\github\cs2250-cpp\jdandrea - hw5 - dynamictrophycase\jdandrea - hw 5 - dynamictrophycase\trophycase.h(28): note: see declaration of 'TrophyCase::m_trophyCase'
  c:\users\jdand\documents\github\cs2250-cpp\jdandrea - hw5 - dynamictrophycase\jdandrea - hw 5 - dynamictrophycase\trophycase.h(10): note: see declaration of 'TrophyCase'
c:\users\jdand\documents\github\cs2250-cpp\jdandrea - hw5 - dynamictrophycase\jdandrea - hw 5 - dynamictrophycase\trophycase.cpp(133): error C2679: binary '<<': no operator found which takes a right-hand operand of type 'Trophy' (or there is no acceptable conversion)
  c:\program files (x86)\microsoft visual studio\2017\community\vc\tools\msvc\14.16.27023\include\ostream(508): note: could be 'std::basic_ostream<char,std::char_traits<char>> &std::basic_ostream<char,std::char_traits<char>>::operator <<(std::basic_streambuf<char,std::char_traits<char>> *)'
  c:\program files (x86)\microsoft visual studio\2017\community\vc\tools\msvc\14.16.27023\include\ostream(480): note: or       'std::basic_ostream<char,std::char_traits<char>> &std::basic_ostream<char,std::char_traits<char>>::operator <<(const void *)'
  c:\program files (x86)\microsoft visual studio\2017\community\vc\tools\msvc\14.16.27023\include\ostream(460): note: or       'std::basic_ostream<char,std::char_traits<char>> &std::basic_ostream<char,std::char_traits<char>>::operator <<(long double)'
  c:\program files (x86)\microsoft visual studio\2017\community\vc\tools\msvc\14.16.27023\include\ostream(440): note: or       'std::basic_ostream<char,std::char_traits<char>> &std::basic_ostream<char,std::char_traits<char>>::operator <<(double)'
  c:\program files (x86)\microsoft visual studio\2017\community\vc\tools\msvc\14.16.27023\include\ostream(420): note: or       'std::basic_ostream<char,std::char_traits<char>> &std::basic_ostream<char,std::char_traits<char>>::operator <<(float)'
  c:\program files (x86)\microsoft visual studio\2017\community\vc\tools\msvc\14.16.27023\include\ostream(400): note: or       'std::basic_ostream<char,std::char_traits<char>> &std::basic_ostream<char,std::char_traits<char>>::operator <<(unsigned __int64)'
  c:\program files (x86)\microsoft visual studio\2017\community\vc\tools\msvc\14.16.27023\include\ostream(380): note: or       'std::basic_ostream<char,std::char_traits<char>> &std::basic_ostream<char,std::char_traits<char>>::operator <<(__int64)'
  c:\program files (x86)\microsoft visual studio\2017\community\vc\tools\msvc\14.16.27023\include\ostream(360): note: or       'std::basic_ostream<char,std::char_traits<char>> &std::basic_ostream<char,std::char_traits<char>>::operator <<(unsigned long)'
  c:\program files (x86)\microsoft visual studio\2017\community\vc\tools\msvc\14.16.27023\include\ostream(340): note: or       'std::basic_ostream<char,std::char_traits<char>> &std::basic_ostream<char,std::char_traits<char>>::operator <<(long)'
  c:\program files (x86)\microsoft visual studio\2017\community\vc\tools\msvc\14.16.27023\include\ostream(320): note: or       'std::basic_ostream<char,std::char_traits<char>> &std::basic_ostream<char,std::char_traits<char>>::operator <<(unsigned int)'
  c:\program files (x86)\microsoft visual studio\2017\community\vc\tools\msvc\14.16.27023\include\ostream(295): note: or       'std::basic_ostream<char,std::char_traits<char>> &std::basic_ostream<char,std::char_traits<char>>::operator <<(int)'
  c:\program files (x86)\microsoft visual studio\2017\community\vc\tools\msvc\14.16.27023\include\ostream(275): note: or       'std::basic_ostream<char,std::char_traits<char>> &std::basic_ostream<char,std::char_traits<char>>::operator <<(unsigned short)'
  c:\program files (x86)\microsoft visual studio\2017\community\vc\tools\msvc\14.16.27023\include\ostream(241): note: or       'std::basic_ostream<char,std::char_traits<char>> &std::basic_ostream<char,std::char_traits<char>>::operator <<(short)'
  c:\program files (x86)\microsoft visual studio\2017\community\vc\tools\msvc\14.16.27023\include\ostream(221): note: or       'std::basic_ostream<char,std::char_traits<char>> &std::basic_ostream<char,std::char_traits<char>>::operator <<(bool)'
  c:\program files (x86)\microsoft visual studio\2017\community\vc\tools\msvc\14.16.27023\include\ostream(215): note: or       'std::basic_ostream<char,std::char_traits<char>> &std::basic_ostream<char,std::char_traits<char>>::operator <<(std::ios_base &(__cdecl *)(std::ios_base &))'
  c:\program files (x86)\microsoft visual studio\2017\community\vc\tools\msvc\14.16.27023\include\ostream(209): note: or       'std::basic_ostream<char,std::char_traits<char>> &std::basic_ostream<char,std::char_traits<char>>::operator <<(std::basic_ios<char,std::char_traits<char>> &(__cdecl *)(std::basic_ios<char,std::char_traits<char>> &))'
  c:\program files (x86)\microsoft visual studio\2017\community\vc\tools\msvc\14.16.27023\include\ostream(204): note: or       'std::basic_ostream<char,std::char_traits<char>> &std::basic_ostream<char,std::char_traits<char>>::operator <<(std::basic_ostream<char,std::char_traits<char>> &(__cdecl *)(std::basic_ostream<char,std::char_traits<char>> &))'
  c:\users\jdand\documents\github\cs2250-cpp\jdandrea - hw5 - dynamictrophycase\jdandrea - hw 5 - dynamictrophycase\trophycase.cpp(129): note: or       'std::ostream &operator <<(std::ostream &,const TrophyCase &)'
  c:\program files (x86)\microsoft visual studio\2017\community\vc\tools\msvc\14.16.27023\include\ostream(1047): note: or       'std::basic_ostream<char,std::char_traits<char>> &std::operator <<<char,std::char_traits<char>>(std::basic_ostream<char,std::char_traits<char>> &,const std::error_code &)'
  c:\program files (x86)\microsoft visual studio\2017\community\vc\tools\msvc\14.16.27023\include\ostream(981): note: or       'std::basic_ostream<char,std::char_traits<char>> &std::operator <<<std::char_traits<char>>(std::basic_ostream<char,std::char_traits<char>> &,unsigned char)'
  c:\program files (x86)\microsoft visual studio\2017\community\vc\tools\msvc\14.16.27023\include\ostream(974): note: or       'std::basic_ostream<char,std::char_traits<char>> &std::operator <<<std::char_traits<char>>(std::basic_ostream<char,std::char_traits<char>> &,const unsigned char *)'
  c:\program files (x86)\microsoft visual studio\2017\community\vc\tools\msvc\14.16.27023\include\ostream(967): note: or       'std::basic_ostream<char,std::char_traits<char>> &std::operator <<<std::char_traits<char>>(std::basic_ostream<char,std::char_traits<char>> &,signed char)'
  c:\program files (x86)\microsoft visual studio\2017\community\vc\tools\msvc\14.16.27023\include\ostream(960): note: or       'std::basic_ostream<char,std::char_traits<char>> &std::operator <<<std::char_traits<char>>(std::basic_ostream<char,std::char_traits<char>> &,const signed char *)'
  c:\program files (x86)\microsoft visual studio\2017\community\vc\tools\msvc\14.16.27023\include\ostream(834): note: or       'std::basic_ostream<char,std::char_traits<char>> &std::operator <<<std::char_traits<char>>(std::basic_ostream<char,std::char_traits<char>> &,char)'
  c:\program files (x86)\microsoft visual studio\2017\community\vc\tools\msvc\14.16.27023\include\ostream(787): note: or       'std::basic_ostream<char,std::char_traits<char>> &std::operator <<<std::char_traits<char>>(std::basic_ostream<char,std::char_traits<char>> &,const char *)'
  c:\program files (x86)\microsoft visual studio\2017\community\vc\tools\msvc\14.16.27023\include\ostream(749): note: or       'std::basic_ostream<char,std::char_traits<char>> &std::operator <<<char,std::char_traits<char>>(std::basic_ostream<char,std::char_traits<char>> &,char)'
  c:\program files (x86)\microsoft visual studio\2017\community\vc\tools\msvc\14.16.27023\include\ostream(702): note: or       'std::basic_ostream<char,std::char_traits<char>> &std::operator <<<char,std::char_traits<char>>(std::basic_ostream<char,std::char_traits<char>> &,const char *)'
  c:\users\jdand\documents\github\cs2250-cpp\jdandrea - hw5 - dynamictrophycase\jdandrea - hw 5 - dynamictrophycase\trophycase.cpp(133): note: while trying to match the argument list '(std::ostream, Trophy)'
  Generating Code...
