  main.cpp
c:\users\jdand\documents\github\cs2250-cpp\jdandrea - hw7 - binarytree\cs2250_binarytreelecture\binarytree.cpp(99): error C2678: binary '<': no operator found which takes a left-hand operand of type 'const T' (or there is no acceptable conversion)
          with
          [
              T=std::string
          ]
  c:\program files (x86)\microsoft visual studio\2017\community\vc\tools\msvc\14.16.27023\include\system_error(319): note: could be 'bool std::operator <(const std::error_condition &,const std::error_condition &) noexcept'
  c:\program files (x86)\microsoft visual studio\2017\community\vc\tools\msvc\14.16.27023\include\system_error(312): note: or       'bool std::operator <(const std::error_code &,const std::error_code &) noexcept'
  c:\users\jdand\documents\github\cs2250-cpp\jdandrea - hw7 - binarytree\cs2250_binarytreelecture\binarytree.cpp(99): note: while trying to match the argument list '(const T, BinaryTreeNode<T>)'
          with
          [
              T=std::string
          ]
  c:\users\jdand\documents\github\cs2250-cpp\jdandrea - hw7 - binarytree\cs2250_binarytreelecture\binarytree.cpp(97): note: while compiling class template member function 'void BinaryTree<std::string>::Insert(const T &,BinaryTreeNode<T> *)'
          with
          [
              T=std::string
          ]
  c:\users\jdand\documents\github\cs2250-cpp\jdandrea - hw7 - binarytree\cs2250_binarytreelecture\binarytree.cpp(85): note: see reference to function template instantiation 'void BinaryTree<std::string>::Insert(const T &,BinaryTreeNode<T> *)' being compiled
          with
          [
              T=std::string
          ]
  c:\users\jdand\documents\github\cs2250-cpp\jdandrea - hw7 - binarytree\cs2250_binarytreelecture\binarytree.cpp(10): note: while compiling class template member function 'BinaryTree<std::string>::BinaryTree(bool)'
  c:\users\jdand\documents\github\cs2250-cpp\jdandrea - hw7 - binarytree\cs2250_binarytreelecture\main.cpp(51): note: see reference to function template instantiation 'BinaryTree<std::string>::BinaryTree(bool)' being compiled
  c:\users\jdand\documents\github\cs2250-cpp\jdandrea - hw7 - binarytree\cs2250_binarytreelecture\main.cpp(51): note: see reference to class template instantiation 'BinaryTree<std::string>' being compiled
c:\users\jdand\documents\github\cs2250-cpp\jdandrea - hw7 - binarytree\cs2250_binarytreelecture\binarytree.cpp(114): error C2676: binary '>': 'const T' does not define this operator or a conversion to a type acceptable to the predefined operator
          with
          [
              T=std::string
          ]
c:\users\jdand\documents\github\cs2250-cpp\jdandrea - hw7 - binarytree\cs2250_binarytreelecture\binarytree.cpp(169): error C2678: binary '<': no operator found which takes a left-hand operand of type 'const T' (or there is no acceptable conversion)
          with
          [
              T=std::string
          ]
  c:\program files (x86)\microsoft visual studio\2017\community\vc\tools\msvc\14.16.27023\include\system_error(319): note: could be 'bool std::operator <(const std::error_condition &,const std::error_condition &) noexcept'
  c:\program files (x86)\microsoft visual studio\2017\community\vc\tools\msvc\14.16.27023\include\system_error(312): note: or       'bool std::operator <(const std::error_code &,const std::error_code &) noexcept'
  c:\users\jdand\documents\github\cs2250-cpp\jdandrea - hw7 - binarytree\cs2250_binarytreelecture\binarytree.cpp(169): note: while trying to match the argument list '(const T, BinaryTreeNode<T>)'
          with
          [
              T=std::string
          ]
  c:\users\jdand\documents\github\cs2250-cpp\jdandrea - hw7 - binarytree\cs2250_binarytreelecture\binarytree.cpp(161): note: while compiling class template member function 'bool BinaryTree<std::string>::Search(const T &,BinaryTreeNode<T> *) const'
          with
          [
              T=std::string
          ]
  c:\users\jdand\documents\github\cs2250-cpp\jdandrea - hw7 - binarytree\cs2250_binarytreelecture\binarytree.cpp(148): note: see reference to function template instantiation 'bool BinaryTree<std::string>::Search(const T &,BinaryTreeNode<T> *) const' being compiled
          with
          [
              T=std::string
          ]
c:\users\jdand\documents\github\cs2250-cpp\jdandrea - hw7 - binarytree\cs2250_binarytreelecture\binarytree.cpp(175): error C2676: binary '>': 'const T' does not define this operator or a conversion to a type acceptable to the predefined operator
          with
          [
              T=std::string
          ]
c:\users\jdand\documents\github\cs2250-cpp\jdandrea - hw7 - binarytree\cs2250_binarytreelecture\binarytree.cpp(180): error C2678: binary '==': no operator found which takes a left-hand operand of type 'const T' (or there is no acceptable conversion)
          with
          [
              T=std::string
          ]
  c:\program files (x86)\microsoft visual studio\2017\community\vc\tools\msvc\14.16.27023\include\system_error(284): note: could be 'bool std::operator ==(const std::error_condition &,const std::error_condition &) noexcept'
  c:\program files (x86)\microsoft visual studio\2017\community\vc\tools\msvc\14.16.27023\include\system_error(278): note: or       'bool std::operator ==(const std::error_condition &,const std::error_code &) noexcept'
  c:\program files (x86)\microsoft visual studio\2017\community\vc\tools\msvc\14.16.27023\include\system_error(272): note: or       'bool std::operator ==(const std::error_code &,const std::error_condition &) noexcept'
  c:\program files (x86)\microsoft visual studio\2017\community\vc\tools\msvc\14.16.27023\include\system_error(266): note: or       'bool std::operator ==(const std::error_code &,const std::error_code &) noexcept'
  c:\program files (x86)\microsoft visual studio\2017\community\vc\tools\msvc\14.16.27023\include\exception(331): note: or       'bool std::operator ==(const std::exception_ptr &,std::nullptr_t) noexcept'
  c:\program files (x86)\microsoft visual studio\2017\community\vc\tools\msvc\14.16.27023\include\exception(326): note: or       'bool std::operator ==(std::nullptr_t,const std::exception_ptr &) noexcept'
  c:\program files (x86)\microsoft visual studio\2017\community\vc\tools\msvc\14.16.27023\include\exception(321): note: or       'bool std::operator ==(const std::exception_ptr &,const std::exception_ptr &) noexcept'
  c:\users\jdand\documents\github\cs2250-cpp\jdandrea - hw7 - binarytree\cs2250_binarytreelecture\binarytree.cpp(180): note: while trying to match the argument list '(const T, BinaryTreeNode<T>)'
          with
          [
              T=std::string
          ]
c:\users\jdand\documents\github\cs2250-cpp\jdandrea - hw7 - binarytree\cs2250_binarytreelecture\binarytree.cpp(226): error C2678: binary '<': no operator found which takes a left-hand operand of type 'const T' (or there is no acceptable conversion)
          with
          [
              T=std::string
          ]
  c:\program files (x86)\microsoft visual studio\2017\community\vc\tools\msvc\14.16.27023\include\system_error(319): note: could be 'bool std::operator <(const std::error_condition &,const std::error_condition &) noexcept'
  c:\program files (x86)\microsoft visual studio\2017\community\vc\tools\msvc\14.16.27023\include\system_error(312): note: or       'bool std::operator <(const std::error_code &,const std::error_code &) noexcept'
  c:\users\jdand\documents\github\cs2250-cpp\jdandrea - hw7 - binarytree\cs2250_binarytreelecture\binarytree.cpp(226): note: while trying to match the argument list '(const T, BinaryTreeNode<T>)'
          with
          [
              T=std::string
          ]
  c:\users\jdand\documents\github\cs2250-cpp\jdandrea - hw7 - binarytree\cs2250_binarytreelecture\binarytree.cpp(218): note: while compiling class template member function 'bool BinaryTree<std::string>::Remove(const T &,BinaryTreeNode<T> *)'
          with
          [
              T=std::string
          ]
  c:\users\jdand\documents\github\cs2250-cpp\jdandrea - hw7 - binarytree\cs2250_binarytreelecture\binarytree.cpp(207): note: see reference to function template instantiation 'bool BinaryTree<std::string>::Remove(const T &,BinaryTreeNode<T> *)' being compiled
          with
          [
              T=std::string
          ]
c:\users\jdand\documents\github\cs2250-cpp\jdandrea - hw7 - binarytree\cs2250_binarytreelecture\binarytree.cpp(232): error C2676: binary '>': 'const T' does not define this operator or a conversion to a type acceptable to the predefined operator
          with
          [
              T=std::string
          ]
c:\users\jdand\documents\github\cs2250-cpp\jdandrea - hw7 - binarytree\cs2250_binarytreelecture\binarytree.cpp(237): error C2678: binary '==': no operator found which takes a left-hand operand of type 'const T' (or there is no acceptable conversion)
          with
          [
              T=std::string
          ]
  c:\program files (x86)\microsoft visual studio\2017\community\vc\tools\msvc\14.16.27023\include\system_error(284): note: could be 'bool std::operator ==(const std::error_condition &,const std::error_condition &) noexcept'
  c:\program files (x86)\microsoft visual studio\2017\community\vc\tools\msvc\14.16.27023\include\system_error(278): note: or       'bool std::operator ==(const std::error_condition &,const std::error_code &) noexcept'
  c:\program files (x86)\microsoft visual studio\2017\community\vc\tools\msvc\14.16.27023\include\system_error(272): note: or       'bool std::operator ==(const std::error_code &,const std::error_condition &) noexcept'
  c:\program files (x86)\microsoft visual studio\2017\community\vc\tools\msvc\14.16.27023\include\system_error(266): note: or       'bool std::operator ==(const std::error_code &,const std::error_code &) noexcept'
  c:\program files (x86)\microsoft visual studio\2017\community\vc\tools\msvc\14.16.27023\include\exception(331): note: or       'bool std::operator ==(const std::exception_ptr &,std::nullptr_t) noexcept'
  c:\program files (x86)\microsoft visual studio\2017\community\vc\tools\msvc\14.16.27023\include\exception(326): note: or       'bool std::operator ==(std::nullptr_t,const std::exception_ptr &) noexcept'
  c:\program files (x86)\microsoft visual studio\2017\community\vc\tools\msvc\14.16.27023\include\exception(321): note: or       'bool std::operator ==(const std::exception_ptr &,const std::exception_ptr &) noexcept'
  c:\users\jdand\documents\github\cs2250-cpp\jdandrea - hw7 - binarytree\cs2250_binarytreelecture\binarytree.cpp(237): note: while trying to match the argument list '(const T, BinaryTreeNode<T>)'
          with
          [
              T=std::string
          ]
