  main.cpp
c:\users\jdand\documents\github\cs2250-cpp\jdandrea - hw3 - creating trophies\jdandrea - hw3 - creating trophies\trophy.h(16): error C4430: missing type specifier - int assumed. Note: C++ does not support default-int
c:\users\jdand\documents\github\cs2250-cpp\jdandrea - hw3 - creating trophies\jdandrea - hw3 - creating trophies\trophy.h(16): error C2146: syntax error: missing ')' before identifier 'name'
c:\users\jdand\documents\github\cs2250-cpp\jdandrea - hw3 - creating trophies\jdandrea - hw3 - creating trophies\trophy.h(16): error C3646: 'name': unknown override specifier
c:\users\jdand\documents\github\cs2250-cpp\jdandrea - hw3 - creating trophies\jdandrea - hw3 - creating trophies\trophy.h(16): error C2062: type 'int' unexpected
c:\users\jdand\documents\github\cs2250-cpp\jdandrea - hw3 - creating trophies\jdandrea - hw3 - creating trophies\trophy.h(17): error C3646: 'getName': unknown override specifier
c:\users\jdand\documents\github\cs2250-cpp\jdandrea - hw3 - creating trophies\jdandrea - hw3 - creating trophies\trophy.h(17): error C2059: syntax error: '('
c:\users\jdand\documents\github\cs2250-cpp\jdandrea - hw3 - creating trophies\jdandrea - hw3 - creating trophies\trophy.h(17): error C2238: unexpected token(s) preceding ';'
c:\users\jdand\documents\github\cs2250-cpp\jdandrea - hw3 - creating trophies\jdandrea - hw3 - creating trophies\trophy.h(20): error C4430: missing type specifier - int assumed. Note: C++ does not support default-int
c:\users\jdand\documents\github\cs2250-cpp\jdandrea - hw3 - creating trophies\jdandrea - hw3 - creating trophies\trophy.h(20): error C2146: syntax error: missing ')' before identifier 'name'
c:\users\jdand\documents\github\cs2250-cpp\jdandrea - hw3 - creating trophies\jdandrea - hw3 - creating trophies\trophy.h(20): error C3646: 'name': unknown override specifier
c:\users\jdand\documents\github\cs2250-cpp\jdandrea - hw3 - creating trophies\jdandrea - hw3 - creating trophies\trophy.h(20): error C2059: syntax error: ')'
c:\users\jdand\documents\github\cs2250-cpp\jdandrea - hw3 - creating trophies\jdandrea - hw3 - creating trophies\trophy.h(24): error C3646: 'm_name': unknown override specifier
c:\users\jdand\documents\github\cs2250-cpp\jdandrea - hw3 - creating trophies\jdandrea - hw3 - creating trophies\trophy.h(24): error C4430: missing type specifier - int assumed. Note: C++ does not support default-int
  Trophy.cpp
c:\users\jdand\documents\github\cs2250-cpp\jdandrea - hw3 - creating trophies\jdandrea - hw3 - creating trophies\trophy.h(16): error C4430: missing type specifier - int assumed. Note: C++ does not support default-int
c:\users\jdand\documents\github\cs2250-cpp\jdandrea - hw3 - creating trophies\jdandrea - hw3 - creating trophies\trophy.h(16): error C2146: syntax error: missing ')' before identifier 'name'
c:\users\jdand\documents\github\cs2250-cpp\jdandrea - hw3 - creating trophies\jdandrea - hw3 - creating trophies\trophy.h(16): error C3646: 'name': unknown override specifier
c:\users\jdand\documents\github\cs2250-cpp\jdandrea - hw3 - creating trophies\jdandrea - hw3 - creating trophies\trophy.h(16): error C2062: type 'int' unexpected
c:\users\jdand\documents\github\cs2250-cpp\jdandrea - hw3 - creating trophies\jdandrea - hw3 - creating trophies\trophy.h(17): error C3646: 'getName': unknown override specifier
c:\users\jdand\documents\github\cs2250-cpp\jdandrea - hw3 - creating trophies\jdandrea - hw3 - creating trophies\trophy.h(17): error C2059: syntax error: '('
c:\users\jdand\documents\github\cs2250-cpp\jdandrea - hw3 - creating trophies\jdandrea - hw3 - creating trophies\trophy.h(17): error C2238: unexpected token(s) preceding ';'
c:\users\jdand\documents\github\cs2250-cpp\jdandrea - hw3 - creating trophies\jdandrea - hw3 - creating trophies\trophy.h(20): error C4430: missing type specifier - int assumed. Note: C++ does not support default-int
c:\users\jdand\documents\github\cs2250-cpp\jdandrea - hw3 - creating trophies\jdandrea - hw3 - creating trophies\trophy.h(20): error C2146: syntax error: missing ')' before identifier 'name'
c:\users\jdand\documents\github\cs2250-cpp\jdandrea - hw3 - creating trophies\jdandrea - hw3 - creating trophies\trophy.h(20): error C3646: 'name': unknown override specifier
c:\users\jdand\documents\github\cs2250-cpp\jdandrea - hw3 - creating trophies\jdandrea - hw3 - creating trophies\trophy.h(20): error C2059: syntax error: ')'
c:\users\jdand\documents\github\cs2250-cpp\jdandrea - hw3 - creating trophies\jdandrea - hw3 - creating trophies\trophy.h(24): error C3646: 'm_name': unknown override specifier
c:\users\jdand\documents\github\cs2250-cpp\jdandrea - hw3 - creating trophies\jdandrea - hw3 - creating trophies\trophy.h(24): error C4430: missing type specifier - int assumed. Note: C++ does not support default-int
c:\users\jdand\documents\github\cs2250-cpp\jdandrea - hw3 - creating trophies\jdandrea - hw3 - creating trophies\trophy.cpp(9): error C2511: 'Trophy::Trophy(const std::string,int,Color)': overloaded member function not found in 'Trophy'
  c:\users\jdand\documents\github\cs2250-cpp\jdandrea - hw3 - creating trophies\jdandrea - hw3 - creating trophies\trophy.h(13): note: see declaration of 'Trophy'
c:\users\jdand\documents\github\cs2250-cpp\jdandrea - hw3 - creating trophies\jdandrea - hw3 - creating trophies\trophy.cpp(14): error C2065: 'm_name': undeclared identifier
c:\users\jdand\documents\github\cs2250-cpp\jdandrea - hw3 - creating trophies\jdandrea - hw3 - creating trophies\trophy.cpp(15): error C2597: illegal reference to non-static member 'Trophy::m_level'
c:\users\jdand\documents\github\cs2250-cpp\jdandrea - hw3 - creating trophies\jdandrea - hw3 - creating trophies\trophy.cpp(20): error C2065: 'm_name': undeclared identifier
c:\users\jdand\documents\github\cs2250-cpp\jdandrea - hw3 - creating trophies\jdandrea - hw3 - creating trophies\trophy.cpp(21): error C2597: illegal reference to non-static member 'Trophy::m_level'
c:\users\jdand\documents\github\cs2250-cpp\jdandrea - hw3 - creating trophies\jdandrea - hw3 - creating trophies\trophy.cpp(26): error C2065: 'm_name': undeclared identifier
c:\users\jdand\documents\github\cs2250-cpp\jdandrea - hw3 - creating trophies\jdandrea - hw3 - creating trophies\trophy.cpp(27): error C2597: illegal reference to non-static member 'Trophy::m_level'
c:\users\jdand\documents\github\cs2250-cpp\jdandrea - hw3 - creating trophies\jdandrea - hw3 - creating trophies\trophy.cpp(32): error C2039: 'getName': is not a member of 'Trophy'
  c:\users\jdand\documents\github\cs2250-cpp\jdandrea - hw3 - creating trophies\jdandrea - hw3 - creating trophies\trophy.h(13): note: see declaration of 'Trophy'
c:\users\jdand\documents\github\cs2250-cpp\jdandrea - hw3 - creating trophies\jdandrea - hw3 - creating trophies\trophy.cpp(35): error C2065: 'm_name': undeclared identifier
c:\users\jdand\documents\github\cs2250-cpp\jdandrea - hw3 - creating trophies\jdandrea - hw3 - creating trophies\trophy.cpp(49): error C2511: 'void Trophy::setName(const std::string)': overloaded member function not found in 'Trophy'
  c:\users\jdand\documents\github\cs2250-cpp\jdandrea - hw3 - creating trophies\jdandrea - hw3 - creating trophies\trophy.h(13): note: see declaration of 'Trophy'
c:\users\jdand\documents\github\cs2250-cpp\jdandrea - hw3 - creating trophies\jdandrea - hw3 - creating trophies\trophy.cpp(50): error C2065: 'm_name': undeclared identifier
  Generating Code...
